Determining if the pthread_create exist failed with the following output:
Change Dir: /home/pi/catkin_ws/src/aknay_picam_msg/build/CMakeFiles/CMakeTmp

Run Build Command:/usr/bin/make "cmTryCompileExec1818192989/fast"
/usr/bin/make -f CMakeFiles/cmTryCompileExec1818192989.dir/build.make CMakeFiles/cmTryCompileExec1818192989.dir/build
make[1]: Entering directory '/home/pi/catkin_ws/src/aknay_picam_msg/build/CMakeFiles/CMakeTmp'
/usr/bin/cmake -E cmake_progress_report /home/pi/catkin_ws/src/aknay_picam_msg/build/CMakeFiles/CMakeTmp/CMakeFiles 1
Building C object CMakeFiles/cmTryCompileExec1818192989.dir/CheckSymbolExists.c.o
/usr/bin/gcc    -o CMakeFiles/cmTryCompileExec1818192989.dir/CheckSymbolExists.c.o   -c /home/pi/catkin_ws/src/aknay_picam_msg/build/CMakeFiles/CMakeTmp/CheckSymbolExists.c
Linking C executable cmTryCompileExec1818192989
/usr/bin/cmake -E cmake_link_script CMakeFiles/cmTryCompileExec1818192989.dir/link.txt --verbose=1
/usr/bin/gcc         CMakeFiles/cmTryCompileExec1818192989.dir/CheckSymbolExists.c.o  -o cmTryCompileExec1818192989 -rdynamic 
CMakeFiles/cmTryCompileExec1818192989.dir/CheckSymbolExists.c.o: In function `main':
CheckSymbolExists.c:(.text+0x38): undefined reference to `pthread_create'
collect2: ld returned 1 exit status
CMakeFiles/cmTryCompileExec1818192989.dir/build.make:88: recipe for target 'cmTryCompileExec1818192989' failed
make[1]: Leaving directory '/home/pi/catkin_ws/src/aknay_picam_msg/build/CMakeFiles/CMakeTmp'
make[1]: *** [cmTryCompileExec1818192989] Error 1
Makefile:114: recipe for target 'cmTryCompileExec1818192989/fast' failed
make: *** [cmTryCompileExec1818192989/fast] Error 2

File /home/pi/catkin_ws/src/aknay_picam_msg/build/CMakeFiles/CMakeTmp/CheckSymbolExists.c:
/* */
#include <pthread.h>

int main(int argc, char** argv)
{
  (void)argv;
#ifndef pthread_create
  return ((int*)(&pthread_create))[argc];
#else
  (void)argc;
  return 0;
#endif
}

Determining if the function pthread_create exists in the pthreads failed with the following output:
Change Dir: /home/pi/catkin_ws/src/aknay_picam_msg/build/CMakeFiles/CMakeTmp

Run Build Command:/usr/bin/make "cmTryCompileExec850802303/fast"
/usr/bin/make -f CMakeFiles/cmTryCompileExec850802303.dir/build.make CMakeFiles/cmTryCompileExec850802303.dir/build
make[1]: Entering directory '/home/pi/catkin_ws/src/aknay_picam_msg/build/CMakeFiles/CMakeTmp'
/usr/bin/cmake -E cmake_progress_report /home/pi/catkin_ws/src/aknay_picam_msg/build/CMakeFiles/CMakeTmp/CMakeFiles 1
Building C object CMakeFiles/cmTryCompileExec850802303.dir/CheckFunctionExists.c.o
/usr/bin/gcc   -DCHECK_FUNCTION_EXISTS=pthread_create   -o CMakeFiles/cmTryCompileExec850802303.dir/CheckFunctionExists.c.o   -c /usr/share/cmake-2.8/Modules/CheckFunctionExists.c
Linking C executable cmTryCompileExec850802303
/usr/bin/cmake -E cmake_link_script CMakeFiles/cmTryCompileExec850802303.dir/link.txt --verbose=1
/usr/bin/gcc     -DCHECK_FUNCTION_EXISTS=pthread_create    CMakeFiles/cmTryCompileExec850802303.dir/CheckFunctionExists.c.o  -o cmTryCompileExec850802303 -rdynamic -lpthreads 
/usr/bin/ld: cannot find -lpthreads
collect2: ld returned 1 exit status
CMakeFiles/cmTryCompileExec850802303.dir/build.make:88: recipe for target 'cmTryCompileExec850802303' failed
make[1]: Leaving directory '/home/pi/catkin_ws/src/aknay_picam_msg/build/CMakeFiles/CMakeTmp'
make[1]: *** [cmTryCompileExec850802303] Error 1
Makefile:114: recipe for target 'cmTryCompileExec850802303/fast' failed
make: *** [cmTryCompileExec850802303/fast] Error 2


