Determining if the pthread_create exist failed with the following output:
Change Dir: /home/pi/catkin_ws/build/CMakeFiles/CMakeTmp

Run Build Command:/usr/bin/make "cmTryCompileExec1410154352/fast"
/usr/bin/make -f CMakeFiles/cmTryCompileExec1410154352.dir/build.make CMakeFiles/cmTryCompileExec1410154352.dir/build
make[1]: Entering directory '/home/pi/catkin_ws/build/CMakeFiles/CMakeTmp'
/usr/bin/cmake -E cmake_progress_report /home/pi/catkin_ws/build/CMakeFiles/CMakeTmp/CMakeFiles 1
Building C object CMakeFiles/cmTryCompileExec1410154352.dir/CheckSymbolExists.c.o
/usr/bin/gcc    -o CMakeFiles/cmTryCompileExec1410154352.dir/CheckSymbolExists.c.o   -c /home/pi/catkin_ws/build/CMakeFiles/CMakeTmp/CheckSymbolExists.c
Linking C executable cmTryCompileExec1410154352
/usr/bin/cmake -E cmake_link_script CMakeFiles/cmTryCompileExec1410154352.dir/link.txt --verbose=1
/usr/bin/gcc         CMakeFiles/cmTryCompileExec1410154352.dir/CheckSymbolExists.c.o  -o cmTryCompileExec1410154352 -rdynamic 
CMakeFiles/cmTryCompileExec1410154352.dir/CheckSymbolExists.c.o: In function `main':
CheckSymbolExists.c:(.text+0x38): undefined reference to `pthread_create'
collect2: ld returned 1 exit status
CMakeFiles/cmTryCompileExec1410154352.dir/build.make:88: recipe for target 'cmTryCompileExec1410154352' failed
make[1]: Leaving directory '/home/pi/catkin_ws/build/CMakeFiles/CMakeTmp'
make[1]: *** [cmTryCompileExec1410154352] Error 1
Makefile:114: recipe for target 'cmTryCompileExec1410154352/fast' failed
make: *** [cmTryCompileExec1410154352/fast] Error 2

File /home/pi/catkin_ws/build/CMakeFiles/CMakeTmp/CheckSymbolExists.c:
/* */
#include <pthread.h>

int main(int argc, char** argv)
{
  (void)argv;
#ifndef pthread_create
  return ((int*)(&pthread_create))[argc];
#else
  (void)argc;
  return 0;
#endif
}

Determining if the function pthread_create exists in the pthreads failed with the following output:
Change Dir: /home/pi/catkin_ws/build/CMakeFiles/CMakeTmp

Run Build Command:/usr/bin/make "cmTryCompileExec1581045036/fast"
/usr/bin/make -f CMakeFiles/cmTryCompileExec1581045036.dir/build.make CMakeFiles/cmTryCompileExec1581045036.dir/build
make[1]: Entering directory '/home/pi/catkin_ws/build/CMakeFiles/CMakeTmp'
/usr/bin/cmake -E cmake_progress_report /home/pi/catkin_ws/build/CMakeFiles/CMakeTmp/CMakeFiles 1
Building C object CMakeFiles/cmTryCompileExec1581045036.dir/CheckFunctionExists.c.o
/usr/bin/gcc   -DCHECK_FUNCTION_EXISTS=pthread_create   -o CMakeFiles/cmTryCompileExec1581045036.dir/CheckFunctionExists.c.o   -c /usr/share/cmake-2.8/Modules/CheckFunctionExists.c
Linking C executable cmTryCompileExec1581045036
/usr/bin/cmake -E cmake_link_script CMakeFiles/cmTryCompileExec1581045036.dir/link.txt --verbose=1
/usr/bin/gcc     -DCHECK_FUNCTION_EXISTS=pthread_create    CMakeFiles/cmTryCompileExec1581045036.dir/CheckFunctionExists.c.o  -o cmTryCompileExec1581045036 -rdynamic -lpthreads 
/usr/bin/ld: cannot find -lpthreads
collect2: ld returned 1 exit status
CMakeFiles/cmTryCompileExec1581045036.dir/build.make:88: recipe for target 'cmTryCompileExec1581045036' failed
make[1]: Leaving directory '/home/pi/catkin_ws/build/CMakeFiles/CMakeTmp'
make[1]: *** [cmTryCompileExec1581045036] Error 1
Makefile:114: recipe for target 'cmTryCompileExec1581045036/fast' failed
make: *** [cmTryCompileExec1581045036/fast] Error 2


